<?xml version="1.0" encoding="UTF-8"?>
<testng-results skipped="0" failed="0" total="1" passed="1">
  <reporter-output>
  </reporter-output>
  <suite name="Default suite" duration-ms="357" started-at="2016-08-08T13:54:22Z" finished-at="2016-08-08T13:54:23Z">
    <groups>
      <group name="cucumber">
        <method signature="AbstractTestNGCucumberTests.feature(cucumber.api.testng.CucumberFeatureWrapper)[pri:0, instance:com.perficient.tests.RunCukes@239963d8]" name="feature" class="cucumber.api.testng.AbstractTestNGCucumberTests"/>
      </group> <!-- cucumber -->
    </groups>
    <test name="Default test" duration-ms="357" started-at="2016-08-08T13:54:22Z" finished-at="2016-08-08T13:54:23Z">
      <class name="com.perficient.tests.RunCukes">
        <test-method status="PASS" signature="setUpClass()[pri:0, instance:com.perficient.tests.RunCukes@239963d8]" name="setUpClass" is-config="true" duration-ms="155" started-at="2016-08-08T19:24:22Z" finished-at="2016-08-08T19:24:22Z">
          <reporter-output>
          </reporter-output>
        </test-method> <!-- setUpClass -->
        <test-method status="PASS" signature="feature(cucumber.api.testng.CucumberFeatureWrapper)[pri:0, instance:com.perficient.tests.RunCukes@239963d8]" name="feature" duration-ms="97" started-at="2016-08-08T19:24:23Z" description="Runs Cucumber Feature" data-provider="features" finished-at="2016-08-08T19:24:23Z">
          <params>
            <param index="0">
              <value>
                <![CDATA[Test feature]]>
              </value>
            </param>
          </params>
          <reporter-output>
          </reporter-output>
        </test-method> <!-- feature -->
        <test-method status="PASS" signature="tearDownClass()[pri:0, instance:com.perficient.tests.RunCukes@239963d8]" name="tearDownClass" is-config="true" duration-ms="2" started-at="2016-08-08T19:24:23Z" finished-at="2016-08-08T19:24:23Z">
          <reporter-output>
          </reporter-output>
        </test-method> <!-- tearDownClass -->
      </class> <!-- com.perficient.tests.RunCukes -->
    </test> <!-- Default test -->
  </suite> <!-- Default suite -->
</testng-results>
